<?xml version="1.0" encoding="UTF-8"?>
<!-- Generated by org.testng.reporters.JUnitReportReporter -->
<testsuite hostname="Tanzellas-MBP.lan" failures="0" tests="5" name="testPages.HomePageTest" time="9.707" errors="0" timestamp="2023-03-15T22:21:07 EDT" skipped="4">
  <testcase classname="testPages.HomePageTest" name="saleButtonClickTest" time="9.707"/>
  <system-out/>
  <testcase classname="testPages.HomePageTest" name="logoTest">
    <skipped/>
  </testcase> <!-- logoTest -->
  <system-out/>
  <testcase classname="testPages.HomePageTest" name="weddingRegistryClickTest">
    <skipped/>
  </testcase> <!-- weddingRegistryClickTest -->
  <system-out/>
  <testcase classname="testPages.HomePageTest" name="womanButtonClickTest">
    <skipped/>
  </testcase> <!-- womanButtonClickTest -->
  <system-out/>
  <testcase classname="testPages.HomePageTest" name="beautyButtonClickTest">
    <skipped/>
  </testcase> <!-- beautyButtonClickTest -->
  <system-out/>
</testsuite> <!-- testPages.HomePageTest -->
